<?xml version="1.0" encoding="UTF-8"?>
<!-- Generated by org.testng.reporters.JUnitReportReporter -->
<testsuite hostname="DESKTOP-7LL1CDN" failures="0" tests="3" name="testCases.TC002_AddWorkstationTest" time="21.011" errors="0" timestamp="2024-09-03T16:56:27 IST" skipped="0">
  <testcase classname="testCases.TC002_AddWorkstationTest" name="verify_Login" time="0.299"/>
  <testcase classname="testCases.TC002_AddWorkstationTest" name="verify_addWorkStation" time="9.161"/>
  <testcase classname="testCases.TC002_AddWorkstationTest" name="verify_addUseCase" time="11.551"/>
</testsuite> <!-- testCases.TC002_AddWorkstationTest -->
