<?xml version="1.0" encoding="UTF-8"?>
<!-- Generated by org.testng.reporters.JUnitReportReporter -->
<testsuite hostname="DESKTOP-7LL1CDN" failures="0" tests="3" name="testCases.TC002_AddWorkstationTest" time="14.554" errors="0" timestamp="2024-08-12T15:42:28 IST" skipped="0">
  <testcase classname="testCases.TC002_AddWorkstationTest" name="verify_Login" time="0.266"/>
  <testcase classname="testCases.TC002_AddWorkstationTest" name="verify_addWorkStation" time="3.657"/>
  <testcase classname="testCases.TC002_AddWorkstationTest" name="verify_addUseCase" time="10.631"/>
</testsuite> <!-- testCases.TC002_AddWorkstationTest -->
