<?xml version="1.0" encoding="UTF-8"?>
<!-- Generated by org.testng.reporters.JUnitReportReporter -->
<testsuite hostname="DESKTOP-7LL1CDN" failures="0" tests="2" name="testCases.TC002_AddWorkstationTest" time="4.009" errors="0" timestamp="2024-08-07T10:26:58 IST" skipped="0">
  <testcase classname="testCases.TC002_AddWorkstationTest" name="verify_Login" time="0.346"/>
  <testcase classname="testCases.TC002_AddWorkstationTest" name="verify_addWorkStation" time="3.663"/>
</testsuite> <!-- testCases.TC002_AddWorkstationTest -->
