<?xml version="1.0" encoding="UTF-8"?>
<!-- Generated by org.testng.reporters.JUnitReportReporter -->
<testsuite hostname="DESKTOP-7LL1CDN" failures="0" tests="3" name="testCases.TC002_AddWorkstationTest" time="16.351" errors="0" timestamp="2024-08-13T12:34:49 IST" skipped="0">
  <testcase classname="testCases.TC002_AddWorkstationTest" name="verify_Login" time="0.353"/>
  <testcase classname="testCases.TC002_AddWorkstationTest" name="verify_addWorkStation" time="4.243"/>
  <testcase classname="testCases.TC002_AddWorkstationTest" name="verify_addUseCase" time="11.755"/>
</testsuite> <!-- testCases.TC002_AddWorkstationTest -->
