<?xml version="1.0" encoding="UTF-8"?>
<!-- Generated by org.testng.reporters.JUnitReportReporter -->
<testsuite hostname="DESKTOP-7LL1CDN" failures="0" tests="3" name="testCases.TC002_AddWorkstationTest" time="27.635" errors="0" timestamp="2024-08-16T10:47:24 IST" skipped="0">
  <testcase classname="testCases.TC002_AddWorkstationTest" name="verify_Login" time="0.405"/>
  <testcase classname="testCases.TC002_AddWorkstationTest" name="verify_addWorkStation" time="11.116"/>
  <testcase classname="testCases.TC002_AddWorkstationTest" name="verify_addUseCase" time="16.114"/>
</testsuite> <!-- testCases.TC002_AddWorkstationTest -->
