<?xml version="1.0" encoding="UTF-8"?>
<!-- Generated by org.testng.reporters.JUnitReportReporter -->
<testsuite hostname="DESKTOP-7LL1CDN" failures="0" tests="3" name="testCases.TC002_AddWorkstationTest" time="22.489" errors="0" timestamp="2024-08-08T12:36:06 IST" skipped="0">
  <testcase classname="testCases.TC002_AddWorkstationTest" name="verify_Login" time="0.420"/>
  <testcase classname="testCases.TC002_AddWorkstationTest" name="verify_addWorkStation" time="10.318"/>
  <testcase classname="testCases.TC002_AddWorkstationTest" name="verify_addUseCase" time="11.751"/>
</testsuite> <!-- testCases.TC002_AddWorkstationTest -->
