<?xml version="1.0" encoding="UTF-8"?>
<!-- Generated by org.testng.reporters.JUnitReportReporter -->
<testsuite hostname="DESKTOP-7LL1CDN" failures="0" tests="3" name="testCases.TC002_AddWorkstationTest" time="9.657" errors="0" timestamp="2024-08-29T16:39:40 IST" skipped="1">
  <testcase classname="testCases.TC002_AddWorkstationTest" name="verify_Login" time="0.401"/>
  <testcase classname="testCases.TC002_AddWorkstationTest" name="verify_addWorkStation" time="9.256"/>
  <testcase classname="testCases.TC002_AddWorkstationTest" name="verify_addUseCase">
    <skipped/>
  </testcase> <!-- verify_addUseCase -->
</testsuite> <!-- testCases.TC002_AddWorkstationTest -->
