<?xml version="1.0" encoding="UTF-8"?>
<!-- Generated by org.testng.reporters.JUnitReportReporter -->
<testsuite hostname="DESKTOP-7LL1CDN" failures="0" tests="3" name="testCases.TC002_AddWorkstationTest" time="17.952" errors="0" timestamp="2024-08-21T11:10:03 IST" skipped="0">
  <testcase classname="testCases.TC002_AddWorkstationTest" name="verify_Login" time="0.466"/>
  <testcase classname="testCases.TC002_AddWorkstationTest" name="verify_addWorkStation" time="5.380"/>
  <testcase classname="testCases.TC002_AddWorkstationTest" name="verify_addUseCase" time="12.106"/>
</testsuite> <!-- testCases.TC002_AddWorkstationTest -->
