<?xml version="1.0" encoding="UTF-8"?>
<!-- Generated by org.testng.reporters.JUnitReportReporter -->
<testsuite hostname="DESKTOP-7LL1CDN" failures="0" tests="3" name="testCases.TC002_AddWorkstationTest" time="23.724" errors="0" timestamp="2024-08-09T10:51:09 IST" skipped="0">
  <testcase classname="testCases.TC002_AddWorkstationTest" name="verify_Login" time="0.435"/>
  <testcase classname="testCases.TC002_AddWorkstationTest" name="verify_addWorkStation" time="11.499"/>
  <testcase classname="testCases.TC002_AddWorkstationTest" name="verify_addUseCase" time="11.790"/>
</testsuite> <!-- testCases.TC002_AddWorkstationTest -->
