<?xml version="1.0" encoding="UTF-8"?>
<!-- Generated by org.testng.reporters.JUnitReportReporter -->
<testsuite hostname="DESKTOP-7LL1CDN" failures="0" tests="3" name="testCases.TC002_AddWorkstationTest" time="27.395" errors="0" timestamp="2024-08-23T10:08:03 IST" skipped="0">
  <testcase classname="testCases.TC002_AddWorkstationTest" name="verify_Login" time="8.043"/>
  <testcase classname="testCases.TC002_AddWorkstationTest" name="verify_addWorkStation" time="8.882"/>
  <testcase classname="testCases.TC002_AddWorkstationTest" name="verify_addUseCase" time="10.470"/>
</testsuite> <!-- testCases.TC002_AddWorkstationTest -->
