<?xml version="1.0" encoding="UTF-8"?>
<!-- Generated by org.testng.reporters.JUnitReportReporter -->
<testsuite hostname="DESKTOP-7LL1CDN" failures="0" tests="2" name="testCases.TC002_AddWorkstationTest" time="3.693" errors="0" timestamp="2024-08-06T15:26:45 IST" skipped="0">
  <testcase classname="testCases.TC002_AddWorkstationTest" name="verify_Login" time="0.269"/>
  <testcase classname="testCases.TC002_AddWorkstationTest" name="verify_addWorkStation" time="3.424"/>
</testsuite> <!-- testCases.TC002_AddWorkstationTest -->
