<?xml version="1.0" encoding="UTF-8"?>
<!-- Generated by org.testng.reporters.JUnitReportReporter -->
<testsuite hostname="DESKTOP-7LL1CDN" failures="0" tests="3" name="testCases.TC002_AddWorkstationTest" time="20.635" errors="0" timestamp="2024-08-30T10:11:53 IST" skipped="0">
  <testcase classname="testCases.TC002_AddWorkstationTest" name="verify_Login" time="0.363"/>
  <testcase classname="testCases.TC002_AddWorkstationTest" name="verify_addWorkStation" time="9.619"/>
  <testcase classname="testCases.TC002_AddWorkstationTest" name="verify_addUseCase" time="10.653"/>
</testsuite> <!-- testCases.TC002_AddWorkstationTest -->
