<?xml version="1.0" encoding="UTF-8"?>
<!-- Generated by org.testng.reporters.JUnitReportReporter -->
<testsuite hostname="DESKTOP-7LL1CDN" failures="0" tests="1" name="testCases.TC001_LoginTest" time="0.421" errors="0" timestamp="2024-08-30T18:23:32 IST" skipped="0">
  <testcase classname="testCases.TC001_LoginTest" name="verify_Login" time="0.421"/>
</testsuite> <!-- testCases.TC001_LoginTest -->
