<?xml version="1.0" encoding="UTF-8"?>
<!-- Generated by org.testng.reporters.JUnitReportReporter -->
<testsuite hostname="DESKTOP-7LL1CDN" failures="0" tests="3" name="testCases.TC002_AddWorkstationTest" time="15.313" errors="0" timestamp="2024-08-22T10:00:15 IST" skipped="0">
  <testcase classname="testCases.TC002_AddWorkstationTest" name="verify_Login" time="0.393"/>
  <testcase classname="testCases.TC002_AddWorkstationTest" name="verify_addWorkStation" time="4.341"/>
  <testcase classname="testCases.TC002_AddWorkstationTest" name="verify_addUseCase" time="10.579"/>
</testsuite> <!-- testCases.TC002_AddWorkstationTest -->
