<?xml version="1.0" encoding="UTF-8"?>
<!-- Generated by org.testng.reporters.JUnitReportReporter -->
<testsuite hostname="DESKTOP-7LL1CDN" failures="0" tests="3" name="testCases.TC002_AddWorkstationTest" time="13.147" errors="0" timestamp="2024-08-19T09:07:13 IST" skipped="0">
  <testcase classname="testCases.TC002_AddWorkstationTest" name="verify_Login" time="0.304"/>
  <testcase classname="testCases.TC002_AddWorkstationTest" name="verify_addWorkStation" time="3.733"/>
  <testcase classname="testCases.TC002_AddWorkstationTest" name="verify_addUseCase" time="9.110"/>
</testsuite> <!-- testCases.TC002_AddWorkstationTest -->
