<?xml version="1.0" encoding="UTF-8"?>
<!-- Generated by org.testng.reporters.JUnitReportReporter -->
<testsuite hostname="DESKTOP-7LL1CDN" failures="0" tests="3" name="testCases.TC002_AddWorkstationTest" time="15.395" errors="0" timestamp="2024-08-08T10:42:48 IST" skipped="0">
  <testcase classname="testCases.TC002_AddWorkstationTest" name="verify_Login" time="0.368"/>
  <testcase classname="testCases.TC002_AddWorkstationTest" name="verify_addWorkStation" time="4.335"/>
  <testcase classname="testCases.TC002_AddWorkstationTest" name="verify_addUseCase" time="10.692"/>
</testsuite> <!-- testCases.TC002_AddWorkstationTest -->
