<?xml version="1.0" encoding="UTF-8"?>
<!-- Generated by org.testng.reporters.JUnitReportReporter -->
<testsuite hostname="DESKTOP-7LL1CDN" failures="0" tests="3" name="testCases.TC002_AddWorkstationTest" time="23.479" errors="0" timestamp="2024-08-16T11:58:59 IST" skipped="0">
  <testcase classname="testCases.TC002_AddWorkstationTest" name="verify_Login" time="0.427"/>
  <testcase classname="testCases.TC002_AddWorkstationTest" name="verify_addWorkStation" time="10.626"/>
  <testcase classname="testCases.TC002_AddWorkstationTest" name="verify_addUseCase" time="12.426"/>
</testsuite> <!-- testCases.TC002_AddWorkstationTest -->
