<?xml version="1.0" encoding="UTF-8"?>
<!-- Generated by org.testng.reporters.JUnitReportReporter -->
<testsuite hostname="DESKTOP-7LL1CDN" failures="0" tests="1" name="testCases.TC001_LoginTest" time="0.295" errors="0" timestamp="2024-08-08T17:56:02 IST" skipped="0">
  <testcase classname="testCases.TC001_LoginTest" name="verify_Login" time="0.295"/>
</testsuite> <!-- testCases.TC001_LoginTest -->
